2021-04-25 09:48:27.219 yinlu [background-preinit] INFO  o.h.validator.internal.util.Version - HV000001: Hibernate Validator 6.1.6.Final
2021-04-25 09:48:27.259 yinlu [restartedMain] INFO  c.y.bi.system.BiSystemApplication - Starting BiSystemApplication on XM10-1802150009 with PID 11712 (D:\ideaProject\bi-system\target\classes started by dzhao1 in D:\ideaProject\bi-system)
2021-04-25 09:48:27.262 yinlu [restartedMain] INFO  c.y.bi.system.BiSystemApplication - No active profile set, falling back to default profiles: default
2021-04-25 09:48:27.359 yinlu [restartedMain] INFO  o.s.b.d.e.DevToolsPropertyDefaultsPostProcessor - Devtools property defaults active! Set 'spring.devtools.add-properties' to 'false' to disable
2021-04-25 09:48:27.362 yinlu [restartedMain] INFO  o.s.b.d.e.DevToolsPropertyDefaultsPostProcessor - For additional web related logging consider setting the 'logging.level.web' property to 'DEBUG'
2021-04-25 09:48:28.966 yinlu [restartedMain] INFO  o.s.b.w.e.tomcat.TomcatWebServer - Tomcat initialized with port(s): 8089 (http)
2021-04-25 09:48:28.976 yinlu [restartedMain] INFO  o.a.coyote.http11.Http11NioProtocol - Initializing ProtocolHandler ["http-nio-8089"]
2021-04-25 09:48:28.977 yinlu [restartedMain] INFO  o.a.catalina.core.StandardService - Starting service [Tomcat]
2021-04-25 09:48:28.977 yinlu [restartedMain] INFO  o.a.catalina.core.StandardEngine - Starting Servlet engine: [Apache Tomcat/9.0.41]
2021-04-25 09:48:29.066 yinlu [restartedMain] INFO  o.a.c.c.C.[Tomcat].[localhost].[/] - Initializing Spring embedded WebApplicationContext
2021-04-25 09:48:29.067 yinlu [restartedMain] INFO  o.s.b.w.s.c.ServletWebServerApplicationContext - Root WebApplicationContext: initialization completed in 1702 ms
2021-04-25 09:48:30.267 yinlu [restartedMain] INFO  o.s.s.c.ThreadPoolTaskExecutor - Initializing ExecutorService 'applicationTaskExecutor'
2021-04-25 09:48:30.470 yinlu [restartedMain] INFO  o.s.b.d.a.OptionalLiveReloadServer - LiveReload server is running on port 35729
2021-04-25 09:48:30.495 yinlu [restartedMain] INFO  o.a.coyote.http11.Http11NioProtocol - Starting ProtocolHandler ["http-nio-8089"]
2021-04-25 09:48:30.526 yinlu [restartedMain] INFO  o.s.b.w.e.tomcat.TomcatWebServer - Tomcat started on port(s): 8089 (http) with context path ''
2021-04-25 09:48:30.538 yinlu [restartedMain] INFO  c.y.bi.system.BiSystemApplication - Started BiSystemApplication in 4.159 seconds (JVM running for 5.781)
2021-04-25 09:48:37.327 yinlu [http-nio-8089-exec-2] INFO  o.a.c.c.C.[Tomcat].[localhost].[/] - Initializing Spring DispatcherServlet 'dispatcherServlet'
2021-04-25 09:48:37.327 yinlu [http-nio-8089-exec-2] INFO  o.s.web.servlet.DispatcherServlet - Initializing Servlet 'dispatcherServlet'
2021-04-25 09:48:37.335 yinlu [http-nio-8089-exec-2] INFO  o.s.web.servlet.DispatcherServlet - Completed initialization in 8 ms
2021-04-25 09:48:37.465 yinlu [http-nio-8089-exec-2] INFO  com.zaxxer.hikari.HikariDataSource - MyHikariCP - Starting...
2021-04-25 09:48:38.385 yinlu [http-nio-8089-exec-2] INFO  com.zaxxer.hikari.HikariDataSource - MyHikariCP - Start completed.
2021-04-25 11:00:23.189 yinlu [background-preinit] INFO  o.h.validator.internal.util.Version - HV000001: Hibernate Validator 6.1.6.Final
2021-04-25 11:00:23.418 yinlu [restartedMain] INFO  c.y.bi.system.BiSystemApplication - Starting BiSystemApplication on XM10-1802150009 with PID 1848 (D:\ideaProject\bi-system\target\classes started by dzhao1 in D:\ideaProject\bi-system)
2021-04-25 11:00:23.419 yinlu [restartedMain] INFO  c.y.bi.system.BiSystemApplication - No active profile set, falling back to default profiles: default
2021-04-25 11:00:23.565 yinlu [restartedMain] INFO  o.s.b.d.e.DevToolsPropertyDefaultsPostProcessor - Devtools property defaults active! Set 'spring.devtools.add-properties' to 'false' to disable
2021-04-25 11:00:23.566 yinlu [restartedMain] INFO  o.s.b.d.e.DevToolsPropertyDefaultsPostProcessor - For additional web related logging consider setting the 'logging.level.web' property to 'DEBUG'
2021-04-25 11:00:26.475 yinlu [restartedMain] INFO  o.s.b.w.e.tomcat.TomcatWebServer - Tomcat initialized with port(s): 8089 (http)
2021-04-25 11:00:26.486 yinlu [restartedMain] INFO  o.a.coyote.http11.Http11NioProtocol - Initializing ProtocolHandler ["http-nio-8089"]
2021-04-25 11:00:26.487 yinlu [restartedMain] INFO  o.a.catalina.core.StandardService - Starting service [Tomcat]
2021-04-25 11:00:26.487 yinlu [restartedMain] INFO  o.a.catalina.core.StandardEngine - Starting Servlet engine: [Apache Tomcat/9.0.41]
2021-04-25 11:00:26.598 yinlu [restartedMain] INFO  o.a.c.c.C.[Tomcat].[localhost].[/] - Initializing Spring embedded WebApplicationContext
2021-04-25 11:00:26.598 yinlu [restartedMain] INFO  o.s.b.w.s.c.ServletWebServerApplicationContext - Root WebApplicationContext: initialization completed in 3029 ms
2021-04-25 11:00:28.022 yinlu [restartedMain] INFO  o.s.s.c.ThreadPoolTaskExecutor - Initializing ExecutorService 'applicationTaskExecutor'
2021-04-25 11:00:28.299 yinlu [restartedMain] INFO  o.s.b.d.a.OptionalLiveReloadServer - LiveReload server is running on port 35729
2021-04-25 11:00:28.322 yinlu [restartedMain] INFO  o.a.coyote.http11.Http11NioProtocol - Starting ProtocolHandler ["http-nio-8089"]
2021-04-25 11:00:28.439 yinlu [restartedMain] INFO  o.s.b.w.e.tomcat.TomcatWebServer - Tomcat started on port(s): 8089 (http) with context path ''
2021-04-25 11:00:28.459 yinlu [restartedMain] INFO  c.y.bi.system.BiSystemApplication - Started BiSystemApplication in 6.168 seconds (JVM running for 7.846)
2021-04-25 11:00:33.293 yinlu [http-nio-8089-exec-2] INFO  o.a.c.c.C.[Tomcat].[localhost].[/] - Initializing Spring DispatcherServlet 'dispatcherServlet'
2021-04-25 11:00:33.293 yinlu [http-nio-8089-exec-2] INFO  o.s.web.servlet.DispatcherServlet - Initializing Servlet 'dispatcherServlet'
2021-04-25 11:00:33.303 yinlu [http-nio-8089-exec-2] INFO  o.s.web.servlet.DispatcherServlet - Completed initialization in 9 ms
2021-04-25 11:00:33.484 yinlu [http-nio-8089-exec-2] INFO  com.zaxxer.hikari.HikariDataSource - MyHikariCP - Starting...
2021-04-25 11:00:34.552 yinlu [http-nio-8089-exec-2] INFO  com.zaxxer.hikari.HikariDataSource - MyHikariCP - Start completed.
2021-04-25 11:05:28.780 yinlu [background-preinit] INFO  o.h.validator.internal.util.Version - HV000001: Hibernate Validator 6.1.6.Final
2021-04-25 11:05:28.840 yinlu [restartedMain] INFO  c.y.bi.system.BiSystemApplication - Starting BiSystemApplication on XM10-1802150009 with PID 13192 (D:\ideaProject\bi-system\target\classes started by dzhao1 in D:\ideaProject\bi-system)
2021-04-25 11:05:28.841 yinlu [restartedMain] INFO  c.y.bi.system.BiSystemApplication - No active profile set, falling back to default profiles: default
2021-04-25 11:05:28.954 yinlu [restartedMain] INFO  o.s.b.d.e.DevToolsPropertyDefaultsPostProcessor - Devtools property defaults active! Set 'spring.devtools.add-properties' to 'false' to disable
2021-04-25 11:05:28.954 yinlu [restartedMain] INFO  o.s.b.d.e.DevToolsPropertyDefaultsPostProcessor - For additional web related logging consider setting the 'logging.level.web' property to 'DEBUG'
2021-04-25 11:05:31.527 yinlu [restartedMain] INFO  o.s.b.w.e.tomcat.TomcatWebServer - Tomcat initialized with port(s): 8089 (http)
2021-04-25 11:05:31.538 yinlu [restartedMain] INFO  o.a.coyote.http11.Http11NioProtocol - Initializing ProtocolHandler ["http-nio-8089"]
2021-04-25 11:05:31.539 yinlu [restartedMain] INFO  o.a.catalina.core.StandardService - Starting service [Tomcat]
2021-04-25 11:05:31.539 yinlu [restartedMain] INFO  o.a.catalina.core.StandardEngine - Starting Servlet engine: [Apache Tomcat/9.0.41]
2021-04-25 11:05:31.652 yinlu [restartedMain] INFO  o.a.c.c.C.[Tomcat].[localhost].[/] - Initializing Spring embedded WebApplicationContext
2021-04-25 11:05:31.653 yinlu [restartedMain] INFO  o.s.b.w.s.c.ServletWebServerApplicationContext - Root WebApplicationContext: initialization completed in 2695 ms
2021-04-25 11:05:33.213 yinlu [restartedMain] INFO  o.s.s.c.ThreadPoolTaskExecutor - Initializing ExecutorService 'applicationTaskExecutor'
2021-04-25 11:05:33.474 yinlu [restartedMain] INFO  o.s.b.d.a.OptionalLiveReloadServer - LiveReload server is running on port 35729
2021-04-25 11:05:33.502 yinlu [restartedMain] INFO  o.a.coyote.http11.Http11NioProtocol - Starting ProtocolHandler ["http-nio-8089"]
2021-04-25 11:05:33.538 yinlu [restartedMain] INFO  o.s.b.w.e.tomcat.TomcatWebServer - Tomcat started on port(s): 8089 (http) with context path ''
2021-04-25 11:05:33.552 yinlu [restartedMain] INFO  c.y.bi.system.BiSystemApplication - Started BiSystemApplication in 5.511 seconds (JVM running for 7.053)
2021-04-25 11:05:38.441 yinlu [http-nio-8089-exec-2] INFO  o.a.c.c.C.[Tomcat].[localhost].[/] - Initializing Spring DispatcherServlet 'dispatcherServlet'
2021-04-25 11:05:38.441 yinlu [http-nio-8089-exec-2] INFO  o.s.web.servlet.DispatcherServlet - Initializing Servlet 'dispatcherServlet'
2021-04-25 11:05:38.453 yinlu [http-nio-8089-exec-2] INFO  o.s.web.servlet.DispatcherServlet - Completed initialization in 12 ms
2021-04-25 11:05:38.678 yinlu [http-nio-8089-exec-2] INFO  com.zaxxer.hikari.HikariDataSource - MyHikariCP - Starting...
2021-04-25 11:05:39.673 yinlu [http-nio-8089-exec-2] INFO  com.zaxxer.hikari.HikariDataSource - MyHikariCP - Start completed.
2021-04-25 11:07:10.688 yinlu [background-preinit] INFO  o.h.validator.internal.util.Version - HV000001: Hibernate Validator 6.1.6.Final
2021-04-25 11:07:10.726 yinlu [restartedMain] INFO  c.y.bi.system.BiSystemApplication - Starting BiSystemApplication on XM10-1802150009 with PID 7636 (D:\ideaProject\bi-system\target\classes started by dzhao1 in D:\ideaProject\bi-system)
2021-04-25 11:07:10.727 yinlu [restartedMain] INFO  c.y.bi.system.BiSystemApplication - No active profile set, falling back to default profiles: default
2021-04-25 11:07:10.824 yinlu [restartedMain] INFO  o.s.b.d.e.DevToolsPropertyDefaultsPostProcessor - Devtools property defaults active! Set 'spring.devtools.add-properties' to 'false' to disable
2021-04-25 11:07:10.825 yinlu [restartedMain] INFO  o.s.b.d.e.DevToolsPropertyDefaultsPostProcessor - For additional web related logging consider setting the 'logging.level.web' property to 'DEBUG'
2021-04-25 11:07:12.530 yinlu [restartedMain] INFO  o.s.b.w.e.tomcat.TomcatWebServer - Tomcat initialized with port(s): 8089 (http)
2021-04-25 11:07:12.548 yinlu [restartedMain] INFO  o.a.coyote.http11.Http11NioProtocol - Initializing ProtocolHandler ["http-nio-8089"]
2021-04-25 11:07:12.549 yinlu [restartedMain] INFO  o.a.catalina.core.StandardService - Starting service [Tomcat]
2021-04-25 11:07:12.549 yinlu [restartedMain] INFO  o.a.catalina.core.StandardEngine - Starting Servlet engine: [Apache Tomcat/9.0.41]
2021-04-25 11:07:12.661 yinlu [restartedMain] INFO  o.a.c.c.C.[Tomcat].[localhost].[/] - Initializing Spring embedded WebApplicationContext
2021-04-25 11:07:12.662 yinlu [restartedMain] INFO  o.s.b.w.s.c.ServletWebServerApplicationContext - Root WebApplicationContext: initialization completed in 1835 ms
2021-04-25 11:07:14.142 yinlu [restartedMain] INFO  o.s.s.c.ThreadPoolTaskExecutor - Initializing ExecutorService 'applicationTaskExecutor'
2021-04-25 11:07:14.399 yinlu [restartedMain] INFO  o.s.b.d.a.OptionalLiveReloadServer - LiveReload server is running on port 35729
2021-04-25 11:07:14.424 yinlu [restartedMain] INFO  o.a.coyote.http11.Http11NioProtocol - Starting ProtocolHandler ["http-nio-8089"]
2021-04-25 11:07:14.464 yinlu [restartedMain] INFO  o.s.b.w.e.tomcat.TomcatWebServer - Tomcat started on port(s): 8089 (http) with context path ''
2021-04-25 11:07:14.477 yinlu [restartedMain] INFO  c.y.bi.system.BiSystemApplication - Started BiSystemApplication in 4.819 seconds (JVM running for 6.511)
2021-04-25 11:07:17.230 yinlu [http-nio-8089-exec-2] INFO  o.a.c.c.C.[Tomcat].[localhost].[/] - Initializing Spring DispatcherServlet 'dispatcherServlet'
2021-04-25 11:07:17.231 yinlu [http-nio-8089-exec-2] INFO  o.s.web.servlet.DispatcherServlet - Initializing Servlet 'dispatcherServlet'
2021-04-25 11:07:17.256 yinlu [http-nio-8089-exec-2] INFO  o.s.web.servlet.DispatcherServlet - Completed initialization in 25 ms
2021-04-25 11:07:17.462 yinlu [http-nio-8089-exec-2] INFO  com.zaxxer.hikari.HikariDataSource - MyHikariCP - Starting...
2021-04-25 11:07:18.301 yinlu [http-nio-8089-exec-2] INFO  com.zaxxer.hikari.HikariDataSource - MyHikariCP - Start completed.
2021-04-25 11:09:30.951 yinlu [background-preinit] INFO  o.h.validator.internal.util.Version - HV000001: Hibernate Validator 6.1.6.Final
2021-04-25 11:09:30.999 yinlu [restartedMain] INFO  c.y.bi.system.BiSystemApplication - Starting BiSystemApplication on XM10-1802150009 with PID 15444 (D:\ideaProject\bi-system\target\classes started by dzhao1 in D:\ideaProject\bi-system)
2021-04-25 11:09:31.001 yinlu [restartedMain] INFO  c.y.bi.system.BiSystemApplication - No active profile set, falling back to default profiles: default
2021-04-25 11:09:31.144 yinlu [restartedMain] INFO  o.s.b.d.e.DevToolsPropertyDefaultsPostProcessor - Devtools property defaults active! Set 'spring.devtools.add-properties' to 'false' to disable
2021-04-25 11:09:31.144 yinlu [restartedMain] INFO  o.s.b.d.e.DevToolsPropertyDefaultsPostProcessor - For additional web related logging consider setting the 'logging.level.web' property to 'DEBUG'
2021-04-25 11:09:33.094 yinlu [restartedMain] INFO  o.s.b.w.e.tomcat.TomcatWebServer - Tomcat initialized with port(s): 8089 (http)
2021-04-25 11:09:33.117 yinlu [restartedMain] INFO  o.a.coyote.http11.Http11NioProtocol - Initializing ProtocolHandler ["http-nio-8089"]
2021-04-25 11:09:33.119 yinlu [restartedMain] INFO  o.a.catalina.core.StandardService - Starting service [Tomcat]
2021-04-25 11:09:33.119 yinlu [restartedMain] INFO  o.a.catalina.core.StandardEngine - Starting Servlet engine: [Apache Tomcat/9.0.41]
2021-04-25 11:09:33.249 yinlu [restartedMain] INFO  o.a.c.c.C.[Tomcat].[localhost].[/] - Initializing Spring embedded WebApplicationContext
2021-04-25 11:09:33.250 yinlu [restartedMain] INFO  o.s.b.w.s.c.ServletWebServerApplicationContext - Root WebApplicationContext: initialization completed in 2106 ms
2021-04-25 11:09:35.018 yinlu [restartedMain] INFO  o.s.s.c.ThreadPoolTaskExecutor - Initializing ExecutorService 'applicationTaskExecutor'
2021-04-25 11:09:35.204 yinlu [restartedMain] INFO  o.s.b.d.a.OptionalLiveReloadServer - LiveReload server is running on port 35729
2021-04-25 11:09:35.229 yinlu [restartedMain] INFO  o.a.coyote.http11.Http11NioProtocol - Starting ProtocolHandler ["http-nio-8089"]
2021-04-25 11:09:35.257 yinlu [restartedMain] INFO  o.s.b.w.e.tomcat.TomcatWebServer - Tomcat started on port(s): 8089 (http) with context path ''
2021-04-25 11:09:35.277 yinlu [restartedMain] INFO  c.y.bi.system.BiSystemApplication - Started BiSystemApplication in 5.215 seconds (JVM running for 6.882)
2021-04-25 11:09:37.632 yinlu [http-nio-8089-exec-2] INFO  o.a.c.c.C.[Tomcat].[localhost].[/] - Initializing Spring DispatcherServlet 'dispatcherServlet'
2021-04-25 11:09:37.632 yinlu [http-nio-8089-exec-2] INFO  o.s.web.servlet.DispatcherServlet - Initializing Servlet 'dispatcherServlet'
2021-04-25 11:09:37.645 yinlu [http-nio-8089-exec-2] INFO  o.s.web.servlet.DispatcherServlet - Completed initialization in 12 ms
2021-04-25 11:09:38.074 yinlu [http-nio-8089-exec-2] INFO  com.zaxxer.hikari.HikariDataSource - MyHikariCP - Starting...
2021-04-25 11:09:39.097 yinlu [http-nio-8089-exec-2] INFO  com.zaxxer.hikari.HikariDataSource - MyHikariCP - Start completed.
2021-04-25 11:10:42.200 yinlu [background-preinit] INFO  o.h.validator.internal.util.Version - HV000001: Hibernate Validator 6.1.6.Final
2021-04-25 11:10:42.229 yinlu [restartedMain] INFO  c.y.bi.system.BiSystemApplication - Starting BiSystemApplication on XM10-1802150009 with PID 12120 (D:\ideaProject\bi-system\target\classes started by dzhao1 in D:\ideaProject\bi-system)
2021-04-25 11:10:42.230 yinlu [restartedMain] INFO  c.y.bi.system.BiSystemApplication - No active profile set, falling back to default profiles: default
2021-04-25 11:10:42.324 yinlu [restartedMain] INFO  o.s.b.d.e.DevToolsPropertyDefaultsPostProcessor - Devtools property defaults active! Set 'spring.devtools.add-properties' to 'false' to disable
2021-04-25 11:10:42.328 yinlu [restartedMain] INFO  o.s.b.d.e.DevToolsPropertyDefaultsPostProcessor - For additional web related logging consider setting the 'logging.level.web' property to 'DEBUG'
2021-04-25 11:10:44.140 yinlu [restartedMain] INFO  o.s.b.w.e.tomcat.TomcatWebServer - Tomcat initialized with port(s): 8089 (http)
2021-04-25 11:10:44.153 yinlu [restartedMain] INFO  o.a.coyote.http11.Http11NioProtocol - Initializing ProtocolHandler ["http-nio-8089"]
2021-04-25 11:10:44.153 yinlu [restartedMain] INFO  o.a.catalina.core.StandardService - Starting service [Tomcat]
2021-04-25 11:10:44.154 yinlu [restartedMain] INFO  o.a.catalina.core.StandardEngine - Starting Servlet engine: [Apache Tomcat/9.0.41]
2021-04-25 11:10:44.268 yinlu [restartedMain] INFO  o.a.c.c.C.[Tomcat].[localhost].[/] - Initializing Spring embedded WebApplicationContext
2021-04-25 11:10:44.268 yinlu [restartedMain] INFO  o.s.b.w.s.c.ServletWebServerApplicationContext - Root WebApplicationContext: initialization completed in 1938 ms
2021-04-25 11:10:45.985 yinlu [restartedMain] INFO  o.s.s.c.ThreadPoolTaskExecutor - Initializing ExecutorService 'applicationTaskExecutor'
2021-04-25 11:10:46.184 yinlu [restartedMain] INFO  o.s.b.d.a.OptionalLiveReloadServer - LiveReload server is running on port 35729
2021-04-25 11:10:46.213 yinlu [restartedMain] INFO  o.a.coyote.http11.Http11NioProtocol - Starting ProtocolHandler ["http-nio-8089"]
2021-04-25 11:10:46.241 yinlu [restartedMain] INFO  o.s.b.w.e.tomcat.TomcatWebServer - Tomcat started on port(s): 8089 (http) with context path ''
2021-04-25 11:10:46.256 yinlu [restartedMain] INFO  c.y.bi.system.BiSystemApplication - Started BiSystemApplication in 4.924 seconds (JVM running for 6.455)
2021-04-25 11:10:56.844 yinlu [http-nio-8089-exec-1] INFO  o.a.coyote.http11.Http11Processor - Error parsing HTTP request header
 Note: further occurrences of HTTP request parsing errors will be logged at DEBUG level.
java.lang.IllegalArgumentException: Invalid character found in the request target [/test?name=yinlu\zsdan]. The valid characters are defined in RFC 7230 and RFC 3986
	at org.apache.coyote.http11.Http11InputBuffer.parseRequestLine(Http11InputBuffer.java:490)
	at org.apache.coyote.http11.Http11Processor.service(Http11Processor.java:261)
	at org.apache.coyote.AbstractProcessorLight.process(AbstractProcessorLight.java:65)
	at org.apache.coyote.AbstractProtocol$ConnectionHandler.process(AbstractProtocol.java:888)
	at org.apache.tomcat.util.net.NioEndpoint$SocketProcessor.doRun(NioEndpoint.java:1597)
	at org.apache.tomcat.util.net.SocketProcessorBase.run(SocketProcessorBase.java:49)
	at java.util.concurrent.ThreadPoolExecutor.runWorker(ThreadPoolExecutor.java:1149)
	at java.util.concurrent.ThreadPoolExecutor$Worker.run(ThreadPoolExecutor.java:624)
	at org.apache.tomcat.util.threads.TaskThread$WrappingRunnable.run(TaskThread.java:61)
	at java.lang.Thread.run(Thread.java:748)
2021-04-25 11:11:40.476 yinlu [background-preinit] INFO  o.h.validator.internal.util.Version - HV000001: Hibernate Validator 6.1.6.Final
2021-04-25 11:11:40.571 yinlu [restartedMain] INFO  c.y.bi.system.BiSystemApplication - Starting BiSystemApplication on XM10-1802150009 with PID 14744 (D:\ideaProject\bi-system\target\classes started by dzhao1 in D:\ideaProject\bi-system)
2021-04-25 11:11:40.573 yinlu [restartedMain] INFO  c.y.bi.system.BiSystemApplication - No active profile set, falling back to default profiles: default
2021-04-25 11:11:40.675 yinlu [restartedMain] INFO  o.s.b.d.e.DevToolsPropertyDefaultsPostProcessor - Devtools property defaults active! Set 'spring.devtools.add-properties' to 'false' to disable
2021-04-25 11:11:40.675 yinlu [restartedMain] INFO  o.s.b.d.e.DevToolsPropertyDefaultsPostProcessor - For additional web related logging consider setting the 'logging.level.web' property to 'DEBUG'
2021-04-25 11:11:42.503 yinlu [restartedMain] INFO  o.s.b.w.e.tomcat.TomcatWebServer - Tomcat initialized with port(s): 8089 (http)
2021-04-25 11:11:42.511 yinlu [restartedMain] INFO  o.a.coyote.http11.Http11NioProtocol - Initializing ProtocolHandler ["http-nio-8089"]
2021-04-25 11:11:42.511 yinlu [restartedMain] INFO  o.a.catalina.core.StandardService - Starting service [Tomcat]
2021-04-25 11:11:42.511 yinlu [restartedMain] INFO  o.a.catalina.core.StandardEngine - Starting Servlet engine: [Apache Tomcat/9.0.41]
2021-04-25 11:11:42.609 yinlu [restartedMain] INFO  o.a.c.c.C.[Tomcat].[localhost].[/] - Initializing Spring embedded WebApplicationContext
2021-04-25 11:11:42.610 yinlu [restartedMain] INFO  o.s.b.w.s.c.ServletWebServerApplicationContext - Root WebApplicationContext: initialization completed in 1934 ms
2021-04-25 11:11:44.147 yinlu [restartedMain] INFO  o.s.s.c.ThreadPoolTaskExecutor - Initializing ExecutorService 'applicationTaskExecutor'
2021-04-25 11:11:44.424 yinlu [restartedMain] INFO  o.s.b.d.a.OptionalLiveReloadServer - LiveReload server is running on port 35729
2021-04-25 11:11:44.449 yinlu [restartedMain] INFO  o.a.coyote.http11.Http11NioProtocol - Starting ProtocolHandler ["http-nio-8089"]
2021-04-25 11:11:44.472 yinlu [restartedMain] INFO  o.s.b.w.e.tomcat.TomcatWebServer - Tomcat started on port(s): 8089 (http) with context path ''
2021-04-25 11:11:44.487 yinlu [restartedMain] INFO  c.y.bi.system.BiSystemApplication - Started BiSystemApplication in 4.814 seconds (JVM running for 6.748)
2021-04-25 11:11:45.033 yinlu [http-nio-8089-exec-2] INFO  o.a.c.c.C.[Tomcat].[localhost].[/] - Initializing Spring DispatcherServlet 'dispatcherServlet'
2021-04-25 11:11:45.033 yinlu [http-nio-8089-exec-2] INFO  o.s.web.servlet.DispatcherServlet - Initializing Servlet 'dispatcherServlet'
2021-04-25 11:11:45.046 yinlu [http-nio-8089-exec-2] INFO  o.s.web.servlet.DispatcherServlet - Completed initialization in 12 ms
2021-04-25 11:13:04.714 yinlu [background-preinit] INFO  o.h.validator.internal.util.Version - HV000001: Hibernate Validator 6.1.6.Final
2021-04-25 11:13:04.730 yinlu [restartedMain] INFO  c.y.bi.system.BiSystemApplication - Starting BiSystemApplication on XM10-1802150009 with PID 9632 (D:\ideaProject\bi-system\target\classes started by dzhao1 in D:\ideaProject\bi-system)
2021-04-25 11:13:04.731 yinlu [restartedMain] INFO  c.y.bi.system.BiSystemApplication - No active profile set, falling back to default profiles: default
2021-04-25 11:13:04.863 yinlu [restartedMain] INFO  o.s.b.d.e.DevToolsPropertyDefaultsPostProcessor - Devtools property defaults active! Set 'spring.devtools.add-properties' to 'false' to disable
2021-04-25 11:13:04.863 yinlu [restartedMain] INFO  o.s.b.d.e.DevToolsPropertyDefaultsPostProcessor - For additional web related logging consider setting the 'logging.level.web' property to 'DEBUG'
2021-04-25 11:13:07.626 yinlu [restartedMain] INFO  o.s.b.w.e.tomcat.TomcatWebServer - Tomcat initialized with port(s): 8089 (http)
2021-04-25 11:13:07.636 yinlu [restartedMain] INFO  o.a.coyote.http11.Http11NioProtocol - Initializing ProtocolHandler ["http-nio-8089"]
2021-04-25 11:13:07.637 yinlu [restartedMain] INFO  o.a.catalina.core.StandardService - Starting service [Tomcat]
2021-04-25 11:13:07.638 yinlu [restartedMain] INFO  o.a.catalina.core.StandardEngine - Starting Servlet engine: [Apache Tomcat/9.0.41]
2021-04-25 11:13:07.745 yinlu [restartedMain] INFO  o.a.c.c.C.[Tomcat].[localhost].[/] - Initializing Spring embedded WebApplicationContext
2021-04-25 11:13:07.745 yinlu [restartedMain] INFO  o.s.b.w.s.c.ServletWebServerApplicationContext - Root WebApplicationContext: initialization completed in 2880 ms
2021-04-25 11:13:09.126 yinlu [restartedMain] INFO  o.s.s.c.ThreadPoolTaskExecutor - Initializing ExecutorService 'applicationTaskExecutor'
2021-04-25 11:13:09.399 yinlu [restartedMain] INFO  o.s.b.d.a.OptionalLiveReloadServer - LiveReload server is running on port 35729
2021-04-25 11:13:09.428 yinlu [restartedMain] INFO  o.a.coyote.http11.Http11NioProtocol - Starting ProtocolHandler ["http-nio-8089"]
2021-04-25 11:13:09.457 yinlu [restartedMain] INFO  o.s.b.w.e.tomcat.TomcatWebServer - Tomcat started on port(s): 8089 (http) with context path ''
2021-04-25 11:13:09.473 yinlu [restartedMain] INFO  c.y.bi.system.BiSystemApplication - Started BiSystemApplication in 6.175 seconds (JVM running for 8.262)
2021-04-25 11:13:37.432 yinlu [http-nio-8089-exec-1] INFO  o.a.c.c.C.[Tomcat].[localhost].[/] - Initializing Spring DispatcherServlet 'dispatcherServlet'
2021-04-25 11:13:37.432 yinlu [http-nio-8089-exec-1] INFO  o.s.web.servlet.DispatcherServlet - Initializing Servlet 'dispatcherServlet'
2021-04-25 11:13:37.442 yinlu [http-nio-8089-exec-1] INFO  o.s.web.servlet.DispatcherServlet - Completed initialization in 9 ms
2021-04-25 11:14:07.738 yinlu [background-preinit] INFO  o.h.validator.internal.util.Version - HV000001: Hibernate Validator 6.1.6.Final
2021-04-25 11:14:07.765 yinlu [restartedMain] INFO  c.y.bi.system.BiSystemApplication - Starting BiSystemApplication on XM10-1802150009 with PID 2264 (D:\ideaProject\bi-system\target\classes started by dzhao1 in D:\ideaProject\bi-system)
2021-04-25 11:14:07.767 yinlu [restartedMain] INFO  c.y.bi.system.BiSystemApplication - No active profile set, falling back to default profiles: default
2021-04-25 11:14:07.893 yinlu [restartedMain] INFO  o.s.b.d.e.DevToolsPropertyDefaultsPostProcessor - Devtools property defaults active! Set 'spring.devtools.add-properties' to 'false' to disable
2021-04-25 11:14:07.893 yinlu [restartedMain] INFO  o.s.b.d.e.DevToolsPropertyDefaultsPostProcessor - For additional web related logging consider setting the 'logging.level.web' property to 'DEBUG'
2021-04-25 11:14:09.917 yinlu [restartedMain] INFO  o.s.b.w.e.tomcat.TomcatWebServer - Tomcat initialized with port(s): 8089 (http)
2021-04-25 11:14:09.926 yinlu [restartedMain] INFO  o.a.coyote.http11.Http11NioProtocol - Initializing ProtocolHandler ["http-nio-8089"]
2021-04-25 11:14:09.927 yinlu [restartedMain] INFO  o.a.catalina.core.StandardService - Starting service [Tomcat]
2021-04-25 11:14:09.927 yinlu [restartedMain] INFO  o.a.catalina.core.StandardEngine - Starting Servlet engine: [Apache Tomcat/9.0.41]
2021-04-25 11:14:10.001 yinlu [restartedMain] INFO  o.a.c.c.C.[Tomcat].[localhost].[/] - Initializing Spring embedded WebApplicationContext
2021-04-25 11:14:10.001 yinlu [restartedMain] INFO  o.s.b.w.s.c.ServletWebServerApplicationContext - Root WebApplicationContext: initialization completed in 2107 ms
2021-04-25 11:14:11.308 yinlu [restartedMain] INFO  o.s.s.c.ThreadPoolTaskExecutor - Initializing ExecutorService 'applicationTaskExecutor'
2021-04-25 11:14:11.514 yinlu [restartedMain] INFO  o.s.b.d.a.OptionalLiveReloadServer - LiveReload server is running on port 35729
2021-04-25 11:14:11.544 yinlu [restartedMain] INFO  o.a.coyote.http11.Http11NioProtocol - Starting ProtocolHandler ["http-nio-8089"]
2021-04-25 11:14:11.576 yinlu [restartedMain] INFO  o.s.b.w.e.tomcat.TomcatWebServer - Tomcat started on port(s): 8089 (http) with context path ''
2021-04-25 11:14:11.594 yinlu [restartedMain] INFO  c.y.bi.system.BiSystemApplication - Started BiSystemApplication in 4.814 seconds (JVM running for 6.418)
2021-04-25 11:14:18.215 yinlu [http-nio-8089-exec-1] INFO  o.a.c.c.C.[Tomcat].[localhost].[/] - Initializing Spring DispatcherServlet 'dispatcherServlet'
2021-04-25 11:14:18.216 yinlu [http-nio-8089-exec-1] INFO  o.s.web.servlet.DispatcherServlet - Initializing Servlet 'dispatcherServlet'
2021-04-25 11:14:18.230 yinlu [http-nio-8089-exec-1] INFO  o.s.web.servlet.DispatcherServlet - Completed initialization in 14 ms
2021-04-25 11:14:18.728 yinlu [http-nio-8089-exec-1] INFO  com.zaxxer.hikari.HikariDataSource - MyHikariCP - Starting...
2021-04-25 11:14:19.766 yinlu [http-nio-8089-exec-1] INFO  com.zaxxer.hikari.HikariDataSource - MyHikariCP - Start completed.
2021-04-25 11:22:05.207 yinlu [background-preinit] INFO  o.h.validator.internal.util.Version - HV000001: Hibernate Validator 6.1.6.Final
2021-04-25 11:22:05.278 yinlu [restartedMain] INFO  c.y.bi.system.BiSystemApplication - Starting BiSystemApplication on XM10-1802150009 with PID 10960 (D:\ideaProject\bi-system\target\classes started by dzhao1 in D:\ideaProject\bi-system)
2021-04-25 11:22:05.279 yinlu [restartedMain] INFO  c.y.bi.system.BiSystemApplication - No active profile set, falling back to default profiles: default
2021-04-25 11:22:05.443 yinlu [restartedMain] INFO  o.s.b.d.e.DevToolsPropertyDefaultsPostProcessor - Devtools property defaults active! Set 'spring.devtools.add-properties' to 'false' to disable
2021-04-25 11:22:05.444 yinlu [restartedMain] INFO  o.s.b.d.e.DevToolsPropertyDefaultsPostProcessor - For additional web related logging consider setting the 'logging.level.web' property to 'DEBUG'
2021-04-25 11:22:07.111 yinlu [restartedMain] INFO  o.s.b.w.e.tomcat.TomcatWebServer - Tomcat initialized with port(s): 8089 (http)
2021-04-25 11:22:07.130 yinlu [restartedMain] INFO  o.a.coyote.http11.Http11NioProtocol - Initializing ProtocolHandler ["http-nio-8089"]
2021-04-25 11:22:07.131 yinlu [restartedMain] INFO  o.a.catalina.core.StandardService - Starting service [Tomcat]
2021-04-25 11:22:07.132 yinlu [restartedMain] INFO  o.a.catalina.core.StandardEngine - Starting Servlet engine: [Apache Tomcat/9.0.41]
2021-04-25 11:22:07.229 yinlu [restartedMain] INFO  o.a.c.c.C.[Tomcat].[localhost].[/] - Initializing Spring embedded WebApplicationContext
2021-04-25 11:22:07.230 yinlu [restartedMain] INFO  o.s.b.w.s.c.ServletWebServerApplicationContext - Root WebApplicationContext: initialization completed in 1785 ms
2021-04-25 11:22:08.607 yinlu [restartedMain] INFO  o.s.s.c.ThreadPoolTaskExecutor - Initializing ExecutorService 'applicationTaskExecutor'
2021-04-25 11:22:08.830 yinlu [restartedMain] INFO  o.s.b.d.a.OptionalLiveReloadServer - LiveReload server is running on port 35729
2021-04-25 11:22:08.867 yinlu [restartedMain] INFO  o.a.coyote.http11.Http11NioProtocol - Starting ProtocolHandler ["http-nio-8089"]
2021-04-25 11:22:08.904 yinlu [restartedMain] INFO  o.s.b.w.e.tomcat.TomcatWebServer - Tomcat started on port(s): 8089 (http) with context path ''
2021-04-25 11:22:08.917 yinlu [restartedMain] INFO  c.y.bi.system.BiSystemApplication - Started BiSystemApplication in 4.535 seconds (JVM running for 6.146)
2021-04-25 11:22:11.019 yinlu [http-nio-8089-exec-2] INFO  o.a.c.c.C.[Tomcat].[localhost].[/] - Initializing Spring DispatcherServlet 'dispatcherServlet'
2021-04-25 11:22:11.020 yinlu [http-nio-8089-exec-2] INFO  o.s.web.servlet.DispatcherServlet - Initializing Servlet 'dispatcherServlet'
2021-04-25 11:22:11.027 yinlu [http-nio-8089-exec-2] INFO  o.s.web.servlet.DispatcherServlet - Completed initialization in 7 ms
2021-04-25 11:22:46.971 yinlu [http-nio-8089-exec-7] INFO  com.zaxxer.hikari.HikariDataSource - MyHikariCP - Starting...
2021-04-25 11:22:47.682 yinlu [http-nio-8089-exec-7] INFO  com.zaxxer.hikari.HikariDataSource - MyHikariCP - Start completed.
2021-04-25 11:52:23.613 yinlu [background-preinit] INFO  o.h.validator.internal.util.Version - HV000001: Hibernate Validator 6.1.6.Final
2021-04-25 11:52:23.674 yinlu [restartedMain] INFO  c.y.bi.system.BiSystemApplication - Starting BiSystemApplication on XM10-1802150009 with PID 15868 (D:\ideaProject\bi-system\target\classes started by dzhao1 in D:\ideaProject\bi-system)
2021-04-25 11:52:23.675 yinlu [restartedMain] INFO  c.y.bi.system.BiSystemApplication - No active profile set, falling back to default profiles: default
2021-04-25 11:52:23.777 yinlu [restartedMain] INFO  o.s.b.d.e.DevToolsPropertyDefaultsPostProcessor - Devtools property defaults active! Set 'spring.devtools.add-properties' to 'false' to disable
2021-04-25 11:52:23.777 yinlu [restartedMain] INFO  o.s.b.d.e.DevToolsPropertyDefaultsPostProcessor - For additional web related logging consider setting the 'logging.level.web' property to 'DEBUG'
2021-04-25 11:52:25.535 yinlu [restartedMain] INFO  o.s.b.w.e.tomcat.TomcatWebServer - Tomcat initialized with port(s): 8089 (http)
2021-04-25 11:52:25.545 yinlu [restartedMain] INFO  o.a.coyote.http11.Http11NioProtocol - Initializing ProtocolHandler ["http-nio-8089"]
2021-04-25 11:52:25.546 yinlu [restartedMain] INFO  o.a.catalina.core.StandardService - Starting service [Tomcat]
2021-04-25 11:52:25.546 yinlu [restartedMain] INFO  o.a.catalina.core.StandardEngine - Starting Servlet engine: [Apache Tomcat/9.0.41]
2021-04-25 11:52:25.629 yinlu [restartedMain] INFO  o.a.c.c.C.[Tomcat].[localhost].[/] - Initializing Spring embedded WebApplicationContext
2021-04-25 11:52:25.630 yinlu [restartedMain] INFO  o.s.b.w.s.c.ServletWebServerApplicationContext - Root WebApplicationContext: initialization completed in 1851 ms
2021-04-25 11:52:27.097 yinlu [restartedMain] INFO  o.s.s.c.ThreadPoolTaskExecutor - Initializing ExecutorService 'applicationTaskExecutor'
2021-04-25 11:52:27.301 yinlu [restartedMain] INFO  o.s.b.d.a.OptionalLiveReloadServer - LiveReload server is running on port 35729
2021-04-25 11:52:27.325 yinlu [restartedMain] INFO  o.a.coyote.http11.Http11NioProtocol - Starting ProtocolHandler ["http-nio-8089"]
2021-04-25 11:52:27.365 yinlu [restartedMain] INFO  o.s.b.w.e.tomcat.TomcatWebServer - Tomcat started on port(s): 8089 (http) with context path ''
2021-04-25 11:52:27.378 yinlu [restartedMain] INFO  c.y.bi.system.BiSystemApplication - Started BiSystemApplication in 4.705 seconds (JVM running for 6.478)
2021-04-25 11:52:31.294 yinlu [http-nio-8089-exec-1] INFO  o.a.c.c.C.[Tomcat].[localhost].[/] - Initializing Spring DispatcherServlet 'dispatcherServlet'
2021-04-25 11:52:31.295 yinlu [http-nio-8089-exec-1] INFO  o.s.web.servlet.DispatcherServlet - Initializing Servlet 'dispatcherServlet'
2021-04-25 11:52:31.305 yinlu [http-nio-8089-exec-1] INFO  o.s.web.servlet.DispatcherServlet - Completed initialization in 10 ms
2021-04-25 11:52:31.522 yinlu [http-nio-8089-exec-1] INFO  com.zaxxer.hikari.HikariDataSource - MyHikariCP - Starting...
2021-04-25 11:52:32.578 yinlu [http-nio-8089-exec-1] INFO  com.zaxxer.hikari.HikariDataSource - MyHikariCP - Start completed.
2021-04-25 11:53:24.214 yinlu [background-preinit] INFO  o.h.validator.internal.util.Version - HV000001: Hibernate Validator 6.1.6.Final
2021-04-25 11:53:24.283 yinlu [restartedMain] INFO  c.y.bi.system.BiSystemApplication - Starting BiSystemApplication on XM10-1802150009 with PID 9148 (D:\ideaProject\bi-system\target\classes started by dzhao1 in D:\ideaProject\bi-system)
2021-04-25 11:53:24.285 yinlu [restartedMain] INFO  c.y.bi.system.BiSystemApplication - No active profile set, falling back to default profiles: default
2021-04-25 11:53:24.391 yinlu [restartedMain] INFO  o.s.b.d.e.DevToolsPropertyDefaultsPostProcessor - Devtools property defaults active! Set 'spring.devtools.add-properties' to 'false' to disable
2021-04-25 11:53:24.391 yinlu [restartedMain] INFO  o.s.b.d.e.DevToolsPropertyDefaultsPostProcessor - For additional web related logging consider setting the 'logging.level.web' property to 'DEBUG'
2021-04-25 11:53:26.511 yinlu [restartedMain] INFO  o.s.b.w.e.tomcat.TomcatWebServer - Tomcat initialized with port(s): 8089 (http)
2021-04-25 11:53:26.534 yinlu [restartedMain] INFO  o.a.coyote.http11.Http11NioProtocol - Initializing ProtocolHandler ["http-nio-8089"]
2021-04-25 11:53:26.535 yinlu [restartedMain] INFO  o.a.catalina.core.StandardService - Starting service [Tomcat]
2021-04-25 11:53:26.536 yinlu [restartedMain] INFO  o.a.catalina.core.StandardEngine - Starting Servlet engine: [Apache Tomcat/9.0.41]
2021-04-25 11:53:26.658 yinlu [restartedMain] INFO  o.a.c.c.C.[Tomcat].[localhost].[/] - Initializing Spring embedded WebApplicationContext
2021-04-25 11:53:26.659 yinlu [restartedMain] INFO  o.s.b.w.s.c.ServletWebServerApplicationContext - Root WebApplicationContext: initialization completed in 2266 ms
2021-04-25 11:53:28.390 yinlu [restartedMain] INFO  o.s.s.c.ThreadPoolTaskExecutor - Initializing ExecutorService 'applicationTaskExecutor'
2021-04-25 11:53:28.672 yinlu [restartedMain] INFO  o.s.b.d.a.OptionalLiveReloadServer - LiveReload server is running on port 35729
2021-04-25 11:53:28.700 yinlu [restartedMain] INFO  o.a.coyote.http11.Http11NioProtocol - Starting ProtocolHandler ["http-nio-8089"]
2021-04-25 11:53:28.736 yinlu [restartedMain] INFO  o.s.b.w.e.tomcat.TomcatWebServer - Tomcat started on port(s): 8089 (http) with context path ''
2021-04-25 11:53:28.755 yinlu [restartedMain] INFO  c.y.bi.system.BiSystemApplication - Started BiSystemApplication in 5.848 seconds (JVM running for 9.397)
2021-04-25 11:53:31.818 yinlu [http-nio-8089-exec-1] INFO  o.a.c.c.C.[Tomcat].[localhost].[/] - Initializing Spring DispatcherServlet 'dispatcherServlet'
2021-04-25 11:53:31.818 yinlu [http-nio-8089-exec-1] INFO  o.s.web.servlet.DispatcherServlet - Initializing Servlet 'dispatcherServlet'
2021-04-25 11:53:31.829 yinlu [http-nio-8089-exec-1] INFO  o.s.web.servlet.DispatcherServlet - Completed initialization in 11 ms
2021-04-25 11:53:35.149 yinlu [http-nio-8089-exec-1] INFO  com.zaxxer.hikari.HikariDataSource - MyHikariCP - Starting...
2021-04-25 11:53:36.125 yinlu [http-nio-8089-exec-1] INFO  com.zaxxer.hikari.HikariDataSource - MyHikariCP - Start completed.
2021-04-25 11:57:43.955 yinlu [SpringContextShutdownHook] INFO  o.s.s.c.ThreadPoolTaskExecutor - Shutting down ExecutorService 'applicationTaskExecutor'
2021-04-25 11:57:43.956 yinlu [SpringContextShutdownHook] INFO  com.zaxxer.hikari.HikariDataSource - MyHikariCP - Shutdown initiated...
2021-04-25 11:57:43.960 yinlu [SpringContextShutdownHook] INFO  com.zaxxer.hikari.HikariDataSource - MyHikariCP - Shutdown completed.
2021-04-25 13:03:38.798 yinlu [background-preinit] INFO  o.h.validator.internal.util.Version - HV000001: Hibernate Validator 6.1.6.Final
2021-04-25 13:03:38.939 yinlu [restartedMain] INFO  c.y.bi.system.BiSystemApplication - Starting BiSystemApplication on XM10-1802150009 with PID 12712 (D:\ideaProject\bi-system\target\classes started by dzhao1 in D:\ideaProject\bi-system)
2021-04-25 13:03:38.940 yinlu [restartedMain] INFO  c.y.bi.system.BiSystemApplication - No active profile set, falling back to default profiles: default
2021-04-25 13:03:39.589 yinlu [restartedMain] INFO  o.s.b.d.e.DevToolsPropertyDefaultsPostProcessor - Devtools property defaults active! Set 'spring.devtools.add-properties' to 'false' to disable
2021-04-25 13:03:39.590 yinlu [restartedMain] INFO  o.s.b.d.e.DevToolsPropertyDefaultsPostProcessor - For additional web related logging consider setting the 'logging.level.web' property to 'DEBUG'
2021-04-25 13:03:41.661 yinlu [restartedMain] INFO  o.s.b.w.e.tomcat.TomcatWebServer - Tomcat initialized with port(s): 8089 (http)
2021-04-25 13:03:41.671 yinlu [restartedMain] INFO  o.a.coyote.http11.Http11NioProtocol - Initializing ProtocolHandler ["http-nio-8089"]
2021-04-25 13:03:41.671 yinlu [restartedMain] INFO  o.a.catalina.core.StandardService - Starting service [Tomcat]
2021-04-25 13:03:41.672 yinlu [restartedMain] INFO  o.a.catalina.core.StandardEngine - Starting Servlet engine: [Apache Tomcat/9.0.41]
2021-04-25 13:03:41.770 yinlu [restartedMain] INFO  o.a.c.c.C.[Tomcat].[localhost].[/] - Initializing Spring embedded WebApplicationContext
2021-04-25 13:03:41.770 yinlu [restartedMain] INFO  o.s.b.w.s.c.ServletWebServerApplicationContext - Root WebApplicationContext: initialization completed in 2176 ms
2021-04-25 13:03:43.103 yinlu [restartedMain] INFO  o.s.s.c.ThreadPoolTaskExecutor - Initializing ExecutorService 'applicationTaskExecutor'
2021-04-25 13:03:43.314 yinlu [restartedMain] INFO  o.s.b.d.a.OptionalLiveReloadServer - LiveReload server is running on port 35729
2021-04-25 13:03:43.338 yinlu [restartedMain] INFO  o.a.coyote.http11.Http11NioProtocol - Starting ProtocolHandler ["http-nio-8089"]
2021-04-25 13:03:43.363 yinlu [restartedMain] INFO  o.s.b.w.e.tomcat.TomcatWebServer - Tomcat started on port(s): 8089 (http) with context path ''
2021-04-25 13:03:43.382 yinlu [restartedMain] INFO  c.y.bi.system.BiSystemApplication - Started BiSystemApplication in 5.479 seconds (JVM running for 7.231)
2021-04-25 13:03:47.041 yinlu [http-nio-8089-exec-2] INFO  o.a.c.c.C.[Tomcat].[localhost].[/] - Initializing Spring DispatcherServlet 'dispatcherServlet'
2021-04-25 13:03:47.042 yinlu [http-nio-8089-exec-2] INFO  o.s.web.servlet.DispatcherServlet - Initializing Servlet 'dispatcherServlet'
2021-04-25 13:03:47.056 yinlu [http-nio-8089-exec-2] INFO  o.s.web.servlet.DispatcherServlet - Completed initialization in 14 ms
2021-04-25 13:03:47.301 yinlu [http-nio-8089-exec-2] INFO  com.zaxxer.hikari.HikariDataSource - MyHikariCP - Starting...
2021-04-25 13:03:48.221 yinlu [http-nio-8089-exec-2] INFO  com.zaxxer.hikari.HikariDataSource - MyHikariCP - Start completed.
2021-04-25 14:29:22.222 yinlu [background-preinit] INFO  o.h.validator.internal.util.Version - HV000001: Hibernate Validator 6.1.6.Final
2021-04-25 14:29:22.339 yinlu [main] INFO  c.y.b.s.BiSystemApplicationTests - Starting BiSystemApplicationTests on XM10-1802150009 with PID 9224 (started by dzhao1 in D:\ideaProject\bi-system)
2021-04-25 14:29:22.343 yinlu [main] INFO  c.y.b.s.BiSystemApplicationTests - No active profile set, falling back to default profiles: default
2021-04-25 14:29:29.491 yinlu [main] INFO  o.s.s.c.ThreadPoolTaskExecutor - Initializing ExecutorService 'applicationTaskExecutor'
2021-04-25 14:29:30.579 yinlu [main] INFO  c.y.b.s.BiSystemApplicationTests - Started BiSystemApplicationTests in 9.733 seconds (JVM running for 13.125)
2021-04-25 14:30:05.521 yinlu [SpringContextShutdownHook] INFO  o.s.s.c.ThreadPoolTaskExecutor - Shutting down ExecutorService 'applicationTaskExecutor'
2021-04-25 14:46:01.903 yinlu [background-preinit] INFO  o.h.validator.internal.util.Version - HV000001: Hibernate Validator 6.1.6.Final
2021-04-25 14:46:02.054 yinlu [main] INFO  c.y.b.s.BiSystemApplicationTests - Starting BiSystemApplicationTests on XM10-1802150009 with PID 16428 (started by dzhao1 in D:\ideaProject\bi-system)
2021-04-25 14:46:02.060 yinlu [main] INFO  c.y.b.s.BiSystemApplicationTests - No active profile set, falling back to default profiles: default
2021-04-25 14:46:06.897 yinlu [main] INFO  o.s.s.c.ThreadPoolTaskExecutor - Initializing ExecutorService 'applicationTaskExecutor'
2021-04-25 14:46:07.621 yinlu [main] INFO  c.y.b.s.BiSystemApplicationTests - Started BiSystemApplicationTests in 6.678 seconds (JVM running for 9.501)
2021-04-25 14:46:08.256 yinlu [SpringContextShutdownHook] INFO  o.s.s.c.ThreadPoolTaskExecutor - Shutting down ExecutorService 'applicationTaskExecutor'
2021-04-25 15:27:51.037 yinlu [background-preinit] INFO  o.h.validator.internal.util.Version - HV000001: Hibernate Validator 6.1.6.Final
2021-04-25 15:27:51.056 yinlu [main] INFO  c.y.b.s.BiSystemApplicationTests - Starting BiSystemApplicationTests on XM10-1802150009 with PID 16220 (started by dzhao1 in D:\ideaProject\bi-system)
2021-04-25 15:27:51.059 yinlu [main] INFO  c.y.b.s.BiSystemApplicationTests - No active profile set, falling back to default profiles: default
2021-04-25 15:27:55.516 yinlu [main] INFO  o.s.s.c.ThreadPoolTaskExecutor - Initializing ExecutorService 'applicationTaskExecutor'
2021-04-25 15:27:56.146 yinlu [main] INFO  c.y.b.s.BiSystemApplicationTests - Started BiSystemApplicationTests in 6.61 seconds (JVM running for 8.658)
2021-04-25 15:27:56.632 yinlu [SpringContextShutdownHook] INFO  o.s.s.c.ThreadPoolTaskExecutor - Shutting down ExecutorService 'applicationTaskExecutor'
2021-04-25 15:30:15.995 yinlu [background-preinit] INFO  o.h.validator.internal.util.Version - HV000001: Hibernate Validator 6.1.6.Final
2021-04-25 15:30:16.106 yinlu [main] INFO  c.y.b.s.BiSystemApplicationTests - Starting BiSystemApplicationTests on XM10-1802150009 with PID 16756 (started by dzhao1 in D:\ideaProject\bi-system)
2021-04-25 15:30:16.109 yinlu [main] INFO  c.y.b.s.BiSystemApplicationTests - No active profile set, falling back to default profiles: default
2021-04-25 15:30:21.831 yinlu [main] INFO  o.s.s.c.ThreadPoolTaskExecutor - Initializing ExecutorService 'applicationTaskExecutor'
2021-04-25 15:30:22.628 yinlu [main] INFO  c.y.b.s.BiSystemApplicationTests - Started BiSystemApplicationTests in 7.532 seconds (JVM running for 10.358)
2021-04-25 15:30:23.374 yinlu [SpringContextShutdownHook] INFO  o.s.s.c.ThreadPoolTaskExecutor - Shutting down ExecutorService 'applicationTaskExecutor'
